app/build/outputs/logs/manifest-merger-debug-report.txt
-- Merging decision tree log ---
manifest
ADDED from src/main/AndroidManifest.xml:2:1-987:12
	package
		ADDED from src/main/AndroidManifest.xml:3:5-36
		INJECTED from src/main/AndroidManifest.xml
		INJECTED from src/main/AndroidManifest.xml
	android:versionName
		ADDED from src/main/AndroidManifest.xml:6:5-33
		INJECTED from src/main/AndroidManifest.xml
		INJECTED from src/main/AndroidManifest.xml
	android:versionCode
		ADDED from src/main/AndroidManifest.xml:4:5-29
		INJECTED from src/main/AndroidManifest.xml
		INJECTED from src/main/AndroidManifest.xml
	xmlns:android
		ADDED from src/main/AndroidManifest.xml:2:11-69
	android:name
		ADDED from src/main/AndroidManifest.xml:5:5-64
uses-sdk
ADDED from src/main/AndroidManifest.xml:8:5-44
MERGED from [com.android.support:appcompat-v7:23.0.1] AndroidManifest.xml:20:5-43
MERGED from [YTX_Android_Full_Demo_v5.4.1r:vitamio:unspecified] AndroidManifest.xml:7:5-9:41
MERGED from [:bqmm:] AndroidManifest.xml:7:5-9:41
MERGED from [:redpacket:] AndroidManifest.xml:8:5-10:41
MERGED from [com.tencent.wcdb:wcdb-android:1.0.0] AndroidManifest.xml:7:5-9:41
MERGED from [YTX_Android_Full_Demo_v5.4.1r:rxandroid:unspecified] AndroidManifest.xml:21:5-44
MERGED from [com.android.support:multidex:1.0.0] AndroidManifest.xml:18:5-42
MERGED from [com.alibaba.android:vlayout:1.0.5] AndroidManifest.xml:31:5-33:41
MERGED from [com.android.support:recyclerview-v7:23.1.1] AndroidManifest.xml:20:5-43
MERGED from [com.android.support:support-v4:23.1.1] AndroidManifest.xml:20:5-43
MERGED from [com.jakewharton:butterknife:8.4.0] AndroidManifest.xml:5:5-43
	android:targetSdkVersion
		ADDED from [YTX_Android_Full_Demo_v5.4.1r:vitamio:unspecified] AndroidManifest.xml:9:9-38
	android:minSdkVersion
		ADDED from src/main/AndroidManifest.xml:8:15-41
		INJECTED from src/main/AndroidManifest.xml
		INJECTED from src/main/AndroidManifest.xml
permission#com.yuntongxun.eckuailiao.permission.RECEIVE_MSG
ADDED from src/main/AndroidManifest.xml:11:5-13:44
	android:protectionLevel
		ADDED from src/main/AndroidManifest.xml:13:9-41
	android:name
		ADDED from src/main/AndroidManifest.xml:12:9-72
permission#com.yuntongxun.eckuailiao.permission.INCOMING_CALL
ADDED from src/main/AndroidManifest.xml:14:5-85
	android:name
		ADDED from src/main/AndroidManifest.xml:14:17-82
uses-permission#com.yuntongxun.eckuailiao.permission.RECEIVE_MSG
ADDED from src/main/AndroidManifest.xml:16:5-88
	android:name
		ADDED from src/main/AndroidManifest.xml:16:22-85
uses-permission#com.yuntongxun.eckuailiao.permission.INCOMING_CALL
ADDED from src/main/AndroidManifest.xml:18:5-90
	android:name
		ADDED from src/main/AndroidManifest.xml:18:22-87
uses-feature#android.hardware.camera.autofocus
ADDED from src/main/AndroidManifest.xml:20:5-70
	android:name
		ADDED from src/main/AndroidManifest.xml:20:19-67
uses-permission#android.permission.FLASHLIGHT
ADDED from src/main/AndroidManifest.xml:22:5-69
	android:name
		ADDED from src/main/AndroidManifest.xml:22:22-66
uses-permission#android.permission.MANAGE_DOCUMENTS
ADDED from src/main/AndroidManifest.xml:24:5-75
	android:name
		ADDED from src/main/AndroidManifest.xml:24:22-72
uses-permission#android.permission.SYSTEM_ALERT_WINDOW
ADDED from src/main/AndroidManifest.xml:27:5-94
	android:name
		ADDED from src/main/AndroidManifest.xml:27:22-75
uses-permission#android.permission.INTERNET
ADDED from src/main/AndroidManifest.xml:29:5-67
MERGED from [YTX_Android_Full_Demo_v5.4.1r:vitamio:unspecified] AndroidManifest.xml:12:5-67
	android:name
		ADDED from src/main/AndroidManifest.xml:29:22-64
uses-permission#android.permission.ACCESS_NETWORK_STATE
ADDED from src/main/AndroidManifest.xml:31:5-79
MERGED from [YTX_Android_Full_Demo_v5.4.1r:vitamio:unspecified] AndroidManifest.xml:13:5-79
	android:name
		ADDED from src/main/AndroidManifest.xml:31:22-76
uses-permission#android.permission.ACCESS_WIFI_STATE
ADDED from src/main/AndroidManifest.xml:33:5-76
	android:name
		ADDED from src/main/AndroidManifest.xml:33:22-73
uses-permission#android.permission.WRITE_EXTERNAL_STORAGE
ADDED from src/main/AndroidManifest.xml:35:5-81
	android:name
		ADDED from src/main/AndroidManifest.xml:35:22-78
uses-permission#android.permission.READ_EXTERNAL_STORAGE
ADDED from src/main/AndroidManifest.xml:37:5-80
	android:name
		ADDED from src/main/AndroidManifest.xml:37:22-77
uses-permission#android.permission.READ_PHONE_STATE
ADDED from src/main/AndroidManifest.xml:39:5-75
	android:name
		ADDED from src/main/AndroidManifest.xml:39:22-72
uses-permission#android.permission.GET_TASKS
ADDED from src/main/AndroidManifest.xml:41:5-68
	android:name
		ADDED from src/main/AndroidManifest.xml:41:22-65
uses-permission#android.permission.RECORD_AUDIO
ADDED from src/main/AndroidManifest.xml:43:5-71
	android:name
		ADDED from src/main/AndroidManifest.xml:43:22-68
uses-permission#android.permission.MODIFY_AUDIO_SETTINGS
ADDED from src/main/AndroidManifest.xml:45:5-80
	android:name
		ADDED from src/main/AndroidManifest.xml:45:22-77
uses-permission#android.permission.WAKE_LOCK
ADDED from src/main/AndroidManifest.xml:47:5-68
MERGED from [YTX_Android_Full_Demo_v5.4.1r:vitamio:unspecified] AndroidManifest.xml:11:5-68
	android:name
		ADDED from src/main/AndroidManifest.xml:47:22-65
uses-permission#android.permission.CAMERA
ADDED from src/main/AndroidManifest.xml:49:5-65
	android:name
		ADDED from src/main/AndroidManifest.xml:49:22-62
uses-permission#android.permission.BLUETOOTH
ADDED from src/main/AndroidManifest.xml:52:5-68
	android:name
		ADDED from src/main/AndroidManifest.xml:52:22-65
uses-permission#android.permission.BLUETOOTH_ADMIN
ADDED from src/main/AndroidManifest.xml:54:5-74
	android:name
		ADDED from src/main/AndroidManifest.xml:54:22-71
uses-permission#android.permission.ACCESS_LOCATION_EXTRA_COMMANDS
ADDED from src/main/AndroidManifest.xml:56:5-89
	android:name
		ADDED from src/main/AndroidManifest.xml:56:22-86
uses-permission#android.permission.ACCESS_COARSE_LOCATION
ADDED from src/main/AndroidManifest.xml:58:5-81
	android:name
		ADDED from src/main/AndroidManifest.xml:58:22-78
uses-permission#android.permission.ACCESS_FINE_LOCATION
ADDED from src/main/AndroidManifest.xml:60:5-79
	android:name
		ADDED from src/main/AndroidManifest.xml:60:22-76
uses-permission#android.permission.READ_CONTACTS
ADDED from src/main/AndroidManifest.xml:62:5-72
	android:name
		ADDED from src/main/AndroidManifest.xml:62:22-69
uses-permission#android.permission.WRITE_CONTACTS
ADDED from src/main/AndroidManifest.xml:63:5-73
	android:name
		ADDED from src/main/AndroidManifest.xml:63:22-70
uses-permission#android.permission.VIBRATE
ADDED from src/main/AndroidManifest.xml:65:5-66
	android:name
		ADDED from src/main/AndroidManifest.xml:65:22-63
uses-permission#android.permission.DISABLE_KEYGUARD
ADDED from src/main/AndroidManifest.xml:67:5-75
	android:name
		ADDED from src/main/AndroidManifest.xml:67:22-72
uses-permission#android.permission.WRITE_SETTINGS
ADDED from src/main/AndroidManifest.xml:68:5-73
	android:name
		ADDED from src/main/AndroidManifest.xml:68:22-70
uses-permission#android.permission.RECEIVE_BOOT_COMPLETED
ADDED from src/main/AndroidManifest.xml:70:5-81
	android:name
		ADDED from src/main/AndroidManifest.xml:70:22-78
uses-permission#android.permission.READ_LOGS
ADDED from src/main/AndroidManifest.xml:71:5-68
	android:name
		ADDED from src/main/AndroidManifest.xml:71:22-65
uses-feature#android.hardware.camera
ADDED from src/main/AndroidManifest.xml:75:5-60
	android:name
		ADDED from src/main/AndroidManifest.xml:75:19-57
uses-feature#android.hardware.autofocus
ADDED from src/main/AndroidManifest.xml:76:5-63
	android:name
		ADDED from src/main/AndroidManifest.xml:76:19-60
uses-permission#android.permission.MANAGE_ACCOUNTS
ADDED from src/main/AndroidManifest.xml:79:5-74
	android:name
		ADDED from src/main/AndroidManifest.xml:79:22-71
uses-permission#android.permission.GET_ACCOUNTS
ADDED from src/main/AndroidManifest.xml:80:5-71
	android:name
		ADDED from src/main/AndroidManifest.xml:80:22-68
uses-permission#android.permission.BROADCAST_STICKY
ADDED from src/main/AndroidManifest.xml:81:5-75
	android:name
		ADDED from src/main/AndroidManifest.xml:81:22-72
permission#com.yuntongxun.eckuailiao.permission.MIPUSH_RECEIVE
ADDED from src/main/AndroidManifest.xml:83:5-85:47
	android:protectionLevel
		ADDED from src/main/AndroidManifest.xml:85:9-44
	android:name
		ADDED from src/main/AndroidManifest.xml:84:9-75
uses-permission#com.yuntongxun.eckuailiao.permission.MIPUSH_RECEIVE
ADDED from src/main/AndroidManifest.xml:87:5-91
	android:name
		ADDED from src/main/AndroidManifest.xml:87:22-88
uses-feature#android.hardware.location
ADDED from src/main/AndroidManifest.xml:90:5-92:36
	android:required
		ADDED from src/main/AndroidManifest.xml:92:9-33
	android:name
		ADDED from src/main/AndroidManifest.xml:91:9-49
uses-feature#android.hardware.location.gps
ADDED from src/main/AndroidManifest.xml:93:5-95:36
	android:required
		ADDED from src/main/AndroidManifest.xml:95:9-33
	android:name
		ADDED from src/main/AndroidManifest.xml:94:9-53
uses-feature#android.hardware.location.network
ADDED from src/main/AndroidManifest.xml:96:5-98:36
	android:required
		ADDED from src/main/AndroidManifest.xml:98:9-33
	android:name
		ADDED from src/main/AndroidManifest.xml:97:9-57
application
ADDED from src/main/AndroidManifest.xml:101:5-985:19
MERGED from [com.android.support:appcompat-v7:23.0.1] AndroidManifest.xml:22:5-20
MERGED from [YTX_Android_Full_Demo_v5.4.1r:vitamio:unspecified] AndroidManifest.xml:15:5-22:19
MERGED from [com.android.support:support-v4:23.1.1] AndroidManifest.xml:22:5-20
	android:label
		ADDED from src/main/AndroidManifest.xml:107:9-41
	android:hardwareAccelerated
		ADDED from src/main/AndroidManifest.xml:105:9-43
	android:allowBackup
		ADDED from src/main/AndroidManifest.xml:104:9-35
	android:icon
		ADDED from src/main/AndroidManifest.xml:106:9-49
	android:largeHeap
		ADDED from src/main/AndroidManifest.xml:108:9-33
	android:theme
		ADDED from src/main/AndroidManifest.xml:109:9-45
	android:name
		ADDED from src/main/AndroidManifest.xml:102:9-38
meta-data#com.baidu.lbsapi.API_KEY
ADDED from src/main/AndroidManifest.xml:111:9-113:64
	android:value
		ADDED from src/main/AndroidManifest.xml:113:13-61
	android:name
		ADDED from src/main/AndroidManifest.xml:112:13-52
meta-data#com.yuntongxun.ecdemo.common.utils.AppGlideModule
ADDED from src/main/AndroidManifest.xml:115:9-116:42
	android:value
		ADDED from src/main/AndroidManifest.xml:116:13-40
	android:name
		ADDED from src/main/AndroidManifest.xml:115:20-84
provider#android.support.v4.content.FileProvider
ADDED from src/main/AndroidManifest.xml:119:9-128:20
	android:authorities
		ADDED from src/main/AndroidManifest.xml:121:13-64
		INJECTED from src/main/AndroidManifest.xml
	android:grantUriPermissions
		ADDED from src/main/AndroidManifest.xml:123:13-47
	android:exported
		ADDED from src/main/AndroidManifest.xml:122:13-37
	android:name
		ADDED from src/main/AndroidManifest.xml:120:13-67
meta-data#android.support.FILE_PROVIDER_PATHS
ADDED from src/main/AndroidManifest.xml:125:13-127:62
	android:resource
		ADDED from src/main/AndroidManifest.xml:127:17-60
	android:name
		ADDED from src/main/AndroidManifest.xml:126:17-67
activity#com.yuntongxun.ecdemo.ui.phonemodel.PhoneUI
ADDED from src/main/AndroidManifest.xml:130:9-135:20
	android:screenOrientation
		ADDED from src/main/AndroidManifest.xml:132:13-49
	android:windowSoftInputMode
		ADDED from src/main/AndroidManifest.xml:133:13-52
	android:name
		ADDED from src/main/AndroidManifest.xml:131:13-50
activity#com.yuntongxun.ecdemo.ui.chatting.FileDisplayActivity
ADDED from src/main/AndroidManifest.xml:136:9-141:20
	android:screenOrientation
		ADDED from src/main/AndroidManifest.xml:138:13-49
	android:windowSoftInputMode
		ADDED from src/main/AndroidManifest.xml:139:13-52
	android:name
		ADDED from src/main/AndroidManifest.xml:137:13-60
activity#com.yuntongxun.ecdemo.ui.account.SplashActivity
ADDED from src/main/AndroidManifest.xml:149:9-159:20
	android:screenOrientation
		ADDED from src/main/AndroidManifest.xml:151:13-49
	android:windowSoftInputMode
		ADDED from src/main/AndroidManifest.xml:153:13-67
	android:theme
		ADDED from src/main/AndroidManifest.xml:152:13-44
	android:name
		ADDED from src/main/AndroidManifest.xml:150:13-54
intent-filter#android.intent.action.MAIN+android.intent.category.LAUNCHER
ADDED from src/main/AndroidManifest.xml:154:13-158:29
action#android.intent.action.MAIN
ADDED from src/main/AndroidManifest.xml:155:17-69
	android:name
		ADDED from src/main/AndroidManifest.xml:155:25-66
category#android.intent.category.LAUNCHER
ADDED from src/main/AndroidManifest.xml:157:17-77
	android:name
		ADDED from src/main/AndroidManifest.xml:157:27-74
activity#com.yuntongxun.ecdemo.ui.account.LoginActivity
ADDED from src/main/AndroidManifest.xml:162:9-167:20
	android:screenOrientation
		ADDED from src/main/AndroidManifest.xml:164:13-49
	android:windowSoftInputMode
		ADDED from src/main/AndroidManifest.xml:166:13-64
	android:theme
		ADDED from src/main/AndroidManifest.xml:165:13-44
	android:name
		ADDED from src/main/AndroidManifest.xml:163:13-53
activity#com.yuntongxun.ecdemo.ui.MainAct
ADDED from src/main/AndroidManifest.xml:169:9-173:55
	android:screenOrientation
		ADDED from src/main/AndroidManifest.xml:171:13-49
	android:windowSoftInputMode
		ADDED from src/main/AndroidManifest.xml:173:13-52
	android:theme
		ADDED from src/main/AndroidManifest.xml:172:13-44
	android:name
		ADDED from src/main/AndroidManifest.xml:170:13-39
activity#com.yuntongxun.ecdemo.ui.phonemodel.ModifyPwdUI
ADDED from src/main/AndroidManifest.xml:174:9-178:70
	android:screenOrientation
		ADDED from src/main/AndroidManifest.xml:177:13-49
	android:windowSoftInputMode
		ADDED from src/main/AndroidManifest.xml:178:13-67
	android:theme
		ADDED from src/main/AndroidManifest.xml:176:13-44
	android:name
		ADDED from src/main/AndroidManifest.xml:175:13-54
activity#com.yuntongxun.ecdemo.ui.account.ECSetUpServerActivity
ADDED from src/main/AndroidManifest.xml:184:9-188:70
	android:screenOrientation
		ADDED from src/main/AndroidManifest.xml:186:13-49
	android:windowSoftInputMode
		ADDED from src/main/AndroidManifest.xml:188:13-67
	android:theme
		ADDED from src/main/AndroidManifest.xml:187:13-44
	android:name
		ADDED from src/main/AndroidManifest.xml:185:13-61
activity#com.yuntongxun.ecdemo.ui.personcenter.SetInfoUI
ADDED from src/main/AndroidManifest.xml:189:9-193:70
	android:screenOrientation
		ADDED from src/main/AndroidManifest.xml:191:13-49
	android:windowSoftInputMode
		ADDED from src/main/AndroidManifest.xml:193:13-67
	android:theme
		ADDED from src/main/AndroidManifest.xml:192:13-44
	android:name
		ADDED from src/main/AndroidManifest.xml:190:13-54
activity#com.yuntongxun.ecdemo.ui.chatting.ChattingActivity
ADDED from src/main/AndroidManifest.xml:195:9-199:70
	android:screenOrientation
		ADDED from src/main/AndroidManifest.xml:198:13-49
	android:windowSoftInputMode
		ADDED from src/main/AndroidManifest.xml:199:13-67
	android:configChanges
		ADDED from src/main/AndroidManifest.xml:197:13-74
	android:name
		ADDED from src/main/AndroidManifest.xml:196:13-57
activity#com.yuntongxun.ecdemo.ui.contact.ContactDetailActivity
ADDED from src/main/AndroidManifest.xml:201:9-205:57
	android:screenOrientation
		ADDED from src/main/AndroidManifest.xml:204:13-49
	android:windowSoftInputMode
		ADDED from src/main/AndroidManifest.xml:205:13-54
	android:configChanges
		ADDED from src/main/AndroidManifest.xml:203:13-74
	android:name
		ADDED from src/main/AndroidManifest.xml:202:13-61
activity#com.yuntongxun.ecdemo.ui.contact.MobileContactActivity
ADDED from src/main/AndroidManifest.xml:207:9-211:57
	android:screenOrientation
		ADDED from src/main/AndroidManifest.xml:210:13-49
	android:windowSoftInputMode
		ADDED from src/main/AndroidManifest.xml:211:13-54
	android:configChanges
		ADDED from src/main/AndroidManifest.xml:209:13-74
	android:name
		ADDED from src/main/AndroidManifest.xml:208:13-61
activity#com.yuntongxun.ecdemo.ui.chatting.ImagePreviewActivity
ADDED from src/main/AndroidManifest.xml:214:9-219:64
	android:process
		ADDED from src/main/AndroidManifest.xml:217:13-37
	android:screenOrientation
		ADDED from src/main/AndroidManifest.xml:218:13-49
	android:configChanges
		ADDED from src/main/AndroidManifest.xml:216:13-74
	android:theme
		ADDED from src/main/AndroidManifest.xml:219:13-61
	android:name
		ADDED from src/main/AndroidManifest.xml:215:13-61
activity#com.yuntongxun.ecdemo.ui.chatting.VideoRecordActivity
ADDED from src/main/AndroidManifest.xml:221:9-225:64
	android:screenOrientation
		ADDED from src/main/AndroidManifest.xml:224:13-49
	android:configChanges
		ADDED from src/main/AndroidManifest.xml:223:13-74
	android:theme
		ADDED from src/main/AndroidManifest.xml:225:13-61
	android:name
		ADDED from src/main/AndroidManifest.xml:222:13-60
activity#com.yuntongxun.ecdemo.ui.chatting.ImageGalleryActivity
ADDED from src/main/AndroidManifest.xml:227:9-232:57
	android:screenOrientation
		ADDED from src/main/AndroidManifest.xml:230:13-49
	android:windowSoftInputMode
		ADDED from src/main/AndroidManifest.xml:232:13-54
	android:configChanges
		ADDED from src/main/AndroidManifest.xml:229:13-74
	android:theme
		ADDED from src/main/AndroidManifest.xml:231:13-61
	android:name
		ADDED from src/main/AndroidManifest.xml:228:13-61
activity#com.yuntongxun.ecdemo.ui.livechatroom.LiveChatUI
ADDED from src/main/AndroidManifest.xml:234:9-239:55
	android:screenOrientation
		ADDED from src/main/AndroidManifest.xml:237:13-49
	android:windowSoftInputMode
		ADDED from src/main/AndroidManifest.xml:239:13-52
	android:configChanges
		ADDED from src/main/AndroidManifest.xml:236:13-74
	android:theme
		ADDED from src/main/AndroidManifest.xml:238:13-44
	android:name
		ADDED from src/main/AndroidManifest.xml:235:13-55
activity#com.yuntongxun.ecdemo.ui.chatting.ImageGralleryPagerActivity
ADDED from src/main/AndroidManifest.xml:247:9-251:57
	android:screenOrientation
		ADDED from src/main/AndroidManifest.xml:250:13-49
	android:windowSoftInputMode
		ADDED from src/main/AndroidManifest.xml:251:13-54
	android:configChanges
		ADDED from src/main/AndroidManifest.xml:249:13-74
	android:name
		ADDED from src/main/AndroidManifest.xml:248:13-67
activity#com.yuntongxun.ecdemo.ui.livechatroom.ECLIveChatRoomListUI
ADDED from src/main/AndroidManifest.xml:252:9-256:67
	android:screenOrientation
		ADDED from src/main/AndroidManifest.xml:255:13-49
	android:windowSoftInputMode
		ADDED from src/main/AndroidManifest.xml:256:13-64
	android:configChanges
		ADDED from src/main/AndroidManifest.xml:254:13-74
	android:name
		ADDED from src/main/AndroidManifest.xml:253:13-65
activity#com.yuntongxun.ecdemo.ui.livechatroom.CreateRoomUI
ADDED from src/main/AndroidManifest.xml:257:9-261:57
	android:screenOrientation
		ADDED from src/main/AndroidManifest.xml:260:13-49
	android:windowSoftInputMode
		ADDED from src/main/AndroidManifest.xml:261:13-54
	android:configChanges
		ADDED from src/main/AndroidManifest.xml:259:13-74
	android:name
		ADDED from src/main/AndroidManifest.xml:258:13-57
activity#com.yuntongxun.ecdemo.ui.plugin.FileExplorerActivity
ADDED from src/main/AndroidManifest.xml:263:9-265:77
	android:configChanges
		ADDED from src/main/AndroidManifest.xml:265:13-74
	android:name
		ADDED from src/main/AndroidManifest.xml:264:13-59
activity#com.yuntongxun.ecdemo.ui.group.CreateGroupActivity
ADDED from src/main/AndroidManifest.xml:267:9-271:58
	android:screenOrientation
		ADDED from src/main/AndroidManifest.xml:270:13-49
	android:windowSoftInputMode
		ADDED from src/main/AndroidManifest.xml:271:13-55
	android:configChanges
		ADDED from src/main/AndroidManifest.xml:269:13-63
	android:name
		ADDED from src/main/AndroidManifest.xml:268:13-57
activity#com.yuntongxun.ecdemo.ui.group.GroupNoticeAct
ADDED from src/main/AndroidManifest.xml:273:9-277:58
	android:screenOrientation
		ADDED from src/main/AndroidManifest.xml:276:13-49
	android:windowSoftInputMode
		ADDED from src/main/AndroidManifest.xml:277:13-55
	android:configChanges
		ADDED from src/main/AndroidManifest.xml:275:13-63
	android:name
		ADDED from src/main/AndroidManifest.xml:274:13-52
activity#com.yuntongxun.ecdemo.ui.group.GroupSelectTypeAct
ADDED from src/main/AndroidManifest.xml:279:9-283:58
	android:screenOrientation
		ADDED from src/main/AndroidManifest.xml:282:13-49
	android:windowSoftInputMode
		ADDED from src/main/AndroidManifest.xml:283:13-55
	android:configChanges
		ADDED from src/main/AndroidManifest.xml:281:13-63
	android:name
		ADDED from src/main/AndroidManifest.xml:280:13-56
activity#com.yuntongxun.ecdemo.ui.mvp.group.GroupQRUI
ADDED from src/main/AndroidManifest.xml:286:9-290:58
	android:screenOrientation
		ADDED from src/main/AndroidManifest.xml:289:13-49
	android:windowSoftInputMode
		ADDED from src/main/AndroidManifest.xml:290:13-55
	android:configChanges
		ADDED from src/main/AndroidManifest.xml:288:13-63
	android:name
		ADDED from src/main/AndroidManifest.xml:287:13-51
activity#com.yuntongxun.ecdemo.ui.contact.NewFrendAct
ADDED from src/main/AndroidManifest.xml:293:9-297:58
	android:screenOrientation
		ADDED from src/main/AndroidManifest.xml:296:13-49
	android:windowSoftInputMode
		ADDED from src/main/AndroidManifest.xml:297:13-55
	android:configChanges
		ADDED from src/main/AndroidManifest.xml:295:13-63
	android:name
		ADDED from src/main/AndroidManifest.xml:294:13-51
activity#com.yuntongxun.ecdemo.ui.contact.ContactSelectListActivity
ADDED from src/main/AndroidManifest.xml:299:9-303:57
	android:screenOrientation
		ADDED from src/main/AndroidManifest.xml:302:13-49
	android:windowSoftInputMode
		ADDED from src/main/AndroidManifest.xml:303:13-54
	android:configChanges
		ADDED from src/main/AndroidManifest.xml:301:13-63
	android:name
		ADDED from src/main/AndroidManifest.xml:300:13-65
activity#com.yuntongxun.ecdemo.ui.contact.MobileContactSelectActivity
ADDED from src/main/AndroidManifest.xml:305:9-309:57
	android:screenOrientation
		ADDED from src/main/AndroidManifest.xml:308:13-49
	android:windowSoftInputMode
		ADDED from src/main/AndroidManifest.xml:309:13-54
	android:configChanges
		ADDED from src/main/AndroidManifest.xml:307:13-63
	android:name
		ADDED from src/main/AndroidManifest.xml:306:13-67
activity#com.yuntongxun.ecdemo.ui.contact.SelectContactUI
ADDED from src/main/AndroidManifest.xml:310:9-314:57
	android:screenOrientation
		ADDED from src/main/AndroidManifest.xml:313:13-49
	android:windowSoftInputMode
		ADDED from src/main/AndroidManifest.xml:314:13-54
	android:configChanges
		ADDED from src/main/AndroidManifest.xml:312:13-63
	android:name
		ADDED from src/main/AndroidManifest.xml:311:13-55
activity#com.yuntongxun.ecdemo.ui.settings.SettingsActivity
ADDED from src/main/AndroidManifest.xml:316:9-320:57
	android:screenOrientation
		ADDED from src/main/AndroidManifest.xml:319:13-49
	android:windowSoftInputMode
		ADDED from src/main/AndroidManifest.xml:320:13-54
	android:configChanges
		ADDED from src/main/AndroidManifest.xml:318:13-74
	android:name
		ADDED from src/main/AndroidManifest.xml:317:13-57
activity#com.yuntongxun.ecdemo.ui.group.ECDiscussionActivity
ADDED from src/main/AndroidManifest.xml:322:9-326:57
	android:screenOrientation
		ADDED from src/main/AndroidManifest.xml:325:13-49
	android:windowSoftInputMode
		ADDED from src/main/AndroidManifest.xml:326:13-54
	android:configChanges
		ADDED from src/main/AndroidManifest.xml:324:13-74
	android:name
		ADDED from src/main/AndroidManifest.xml:323:13-58
activity#com.yuntongxun.ecdemo.ui.contact.GroupCardSelectUI
ADDED from src/main/AndroidManifest.xml:328:9-332:67
	android:screenOrientation
		ADDED from src/main/AndroidManifest.xml:331:13-49
	android:windowSoftInputMode
		ADDED from src/main/AndroidManifest.xml:332:13-64
	android:configChanges
		ADDED from src/main/AndroidManifest.xml:330:13-74
	android:name
		ADDED from src/main/AndroidManifest.xml:329:13-57
activity#com.yuntongxun.ecdemo.ui.group.GroupInfoActivity
ADDED from src/main/AndroidManifest.xml:334:9-338:57
	android:screenOrientation
		ADDED from src/main/AndroidManifest.xml:337:13-49
	android:windowSoftInputMode
		ADDED from src/main/AndroidManifest.xml:338:13-54
	android:configChanges
		ADDED from src/main/AndroidManifest.xml:336:13-63
	android:name
		ADDED from src/main/AndroidManifest.xml:335:13-55
activity#com.yuntongxun.ecdemo.ui.group.GroupMembersAct
ADDED from src/main/AndroidManifest.xml:341:9-345:57
	android:screenOrientation
		ADDED from src/main/AndroidManifest.xml:344:13-49
	android:windowSoftInputMode
		ADDED from src/main/AndroidManifest.xml:345:13-54
	android:configChanges
		ADDED from src/main/AndroidManifest.xml:343:13-63
	android:name
		ADDED from src/main/AndroidManifest.xml:342:13-53
activity#com.yuntongxun.ecdemo.ui.group.GroupMemberControlAct
ADDED from src/main/AndroidManifest.xml:347:9-352:57
	android:screenOrientation
		ADDED from src/main/AndroidManifest.xml:350:13-49
	android:launchMode
		ADDED from src/main/AndroidManifest.xml:351:13-43
	android:windowSoftInputMode
		ADDED from src/main/AndroidManifest.xml:352:13-54
	android:configChanges
		ADDED from src/main/AndroidManifest.xml:349:13-63
	android:name
		ADDED from src/main/AndroidManifest.xml:348:13-59
activity#com.yuntongxun.ecdemo.ui.group.SearchGroupActivity
ADDED from src/main/AndroidManifest.xml:354:9-356:52
	android:screenOrientation
		ADDED from src/main/AndroidManifest.xml:356:13-49
	android:name
		ADDED from src/main/AndroidManifest.xml:355:13-57
activity#com.yuntongxun.ecdemo.ui.group.BaseSearch
ADDED from src/main/AndroidManifest.xml:357:9-360:57
	android:screenOrientation
		ADDED from src/main/AndroidManifest.xml:359:13-49
	android:windowSoftInputMode
		ADDED from src/main/AndroidManifest.xml:360:13-54
	android:name
		ADDED from src/main/AndroidManifest.xml:358:13-48
activity#com.yuntongxun.ecdemo.ui.settings.EditConfigureActivity
ADDED from src/main/AndroidManifest.xml:361:9-363:52
	android:screenOrientation
		ADDED from src/main/AndroidManifest.xml:363:13-49
	android:name
		ADDED from src/main/AndroidManifest.xml:362:13-62
activity#com.yuntongxun.ecdemo.ui.group.GroupMemberCardActivity
ADDED from src/main/AndroidManifest.xml:365:9-367:52
	android:screenOrientation
		ADDED from src/main/AndroidManifest.xml:367:13-49
	android:name
		ADDED from src/main/AndroidManifest.xml:366:13-61
activity#com.yuntongxun.ecdemo.ui.group.ApplyWithGroupPermissionActivity
ADDED from src/main/AndroidManifest.xml:369:9-373:57
	android:screenOrientation
		ADDED from src/main/AndroidManifest.xml:372:13-49
	android:windowSoftInputMode
		ADDED from src/main/AndroidManifest.xml:373:13-54
	android:configChanges
		ADDED from src/main/AndroidManifest.xml:371:13-63
	android:name
		ADDED from src/main/AndroidManifest.xml:370:13-70
activity#com.yuntongxun.ecdemo.ui.group.SystemNoticeActivity
ADDED from src/main/AndroidManifest.xml:375:9-379:57
	android:screenOrientation
		ADDED from src/main/AndroidManifest.xml:378:13-49
	android:windowSoftInputMode
		ADDED from src/main/AndroidManifest.xml:379:13-54
	android:configChanges
		ADDED from src/main/AndroidManifest.xml:377:13-63
	android:name
		ADDED from src/main/AndroidManifest.xml:376:13-58
activity#com.yuntongxun.ecdemo.ui.settings.LoginSettingActivity
ADDED from src/main/AndroidManifest.xml:381:9-383:52
	android:screenOrientation
		ADDED from src/main/AndroidManifest.xml:383:13-49
	android:name
		ADDED from src/main/AndroidManifest.xml:382:13-61
activity#com.yuntongxun.ecdemo.ui.settings.SettingPersionInfoActivity
ADDED from src/main/AndroidManifest.xml:385:9-388:52
	android:screenOrientation
		ADDED from src/main/AndroidManifest.xml:388:13-49
	android:launchMode
		ADDED from src/main/AndroidManifest.xml:387:13-48
	android:name
		ADDED from src/main/AndroidManifest.xml:386:13-67
activity#com.yuntongxun.ecdemo.ui.settings.WebQrActivity
ADDED from src/main/AndroidManifest.xml:389:9-391:52
	android:screenOrientation
		ADDED from src/main/AndroidManifest.xml:391:13-49
	android:name
		ADDED from src/main/AndroidManifest.xml:390:13-54
activity#com.yuntongxun.ecdemo.ui.contact.AtSomeoneUI
ADDED from src/main/AndroidManifest.xml:393:9-396:52
	android:screenOrientation
		ADDED from src/main/AndroidManifest.xml:396:13-49
	android:configChanges
		ADDED from src/main/AndroidManifest.xml:395:13-74
	android:name
		ADDED from src/main/AndroidManifest.xml:394:13-51
activity#com.yuntongxun.ecdemo.ui.group.DiscussionAct
ADDED from src/main/AndroidManifest.xml:398:9-401:52
	android:screenOrientation
		ADDED from src/main/AndroidManifest.xml:401:13-49
	android:configChanges
		ADDED from src/main/AndroidManifest.xml:400:13-74
	android:name
		ADDED from src/main/AndroidManifest.xml:399:13-51
activity#com.yuntongxun.ecdemo.ui.voip.VoIPCallActivity
ADDED from src/main/AndroidManifest.xml:404:9-415:20
	android:screenOrientation
		ADDED from src/main/AndroidManifest.xml:408:13-49
	android:launchMode
		ADDED from src/main/AndroidManifest.xml:407:13-44
	android:configChanges
		ADDED from src/main/AndroidManifest.xml:406:13-74
	android:theme
		ADDED from src/main/AndroidManifest.xml:409:13-71
	android:name
		ADDED from src/main/AndroidManifest.xml:405:13-53
intent-filter#android.intent.category.DEFAULT+con.yuntongxun.ecdemo.intent.ACTION_VOICE_CALL
ADDED from src/main/AndroidManifest.xml:410:13-414:29
action#con.yuntongxun.ecdemo.intent.ACTION_VOICE_CALL
ADDED from src/main/AndroidManifest.xml:411:17-89
	android:name
		ADDED from src/main/AndroidManifest.xml:411:25-86
category#android.intent.category.DEFAULT
ADDED from src/main/AndroidManifest.xml:413:17-76
	android:name
		ADDED from src/main/AndroidManifest.xml:413:27-73
activity#com.yuntongxun.ecdemo.ui.voip.VideoActivity
ADDED from src/main/AndroidManifest.xml:416:9-427:20
	android:screenOrientation
		ADDED from src/main/AndroidManifest.xml:420:13-49
	android:launchMode
		ADDED from src/main/AndroidManifest.xml:419:13-44
	android:configChanges
		ADDED from src/main/AndroidManifest.xml:418:13-74
	android:theme